<?xml version="1.0" encoding="UTF-8"?>
<coverage generated="1668874403095" clover="3.2.0">
  <project timestamp="1668874403095" name="All files">
    <metrics statements="6" coveredstatements="4" conditionals="0" coveredconditionals="0" methods="4" coveredmethods="2" elements="10" coveredelements="6" complexity="0" loc="6" ncloc="6" packages="2" files="4" classes="4"/>
    <package name="components">
      <metrics statements="4" coveredstatements="4" conditionals="0" coveredconditionals="0" methods="2" coveredmethods="2"/>
      <file name="Counter.vue" path="D:\code\testcode\src\components\Counter.vue">
        <metrics statements="2" coveredstatements="2" conditionals="0" coveredconditionals="0" methods="1" coveredmethods="1"/>
        <line num="1" count="10" type="stmt"/>
        <line num="8" count="1" type="stmt"/>
      </file>
      <file name="HelloWorld.vue" path="D:\code\testcode\src\components\HelloWorld.vue">
        <metrics statements="2" coveredstatements="2" conditionals="0" coveredconditionals="0" methods="1" coveredmethods="1"/>
        <line num="1" count="9" type="stmt"/>
        <line num="10" count="1" type="stmt"/>
      </file>
    </package>
    <package name="views">
      <metrics statements="2" coveredstatements="0" conditionals="0" coveredconditionals="0" methods="2" coveredmethods="0"/>
      <file name="AboutView.vue" path="D:\code\testcode\src\views\AboutView.vue">
        <metrics statements="1" coveredstatements="0" conditionals="0" coveredconditionals="0" methods="1" coveredmethods="0"/>
        <line num="1" count="0" type="stmt"/>
      </file>
      <file name="HomeView.vue" path="D:\code\testcode\src\views\HomeView.vue">
        <metrics statements="1" coveredstatements="0" conditionals="0" coveredconditionals="0" methods="1" coveredmethods="0"/>
        <line num="1" count="0" type="stmt"/>
      </file>
    </package>
  </project>
</coverage>
