{"D:\\code\\testcode\\src\\components\\Counter.vue": {"path":"D:\\code\\testcode\\src\\components\\Counter.vue","statementMap":{"0":{"start":{"line":8,"column":0},"end":{"line":16,"column":null}},"1":{"start":{"line":1,"column":0},"end":{"line":1,"column":null}}},"fnMap":{"0":{"name":"(anonymous_1)","decl":{"start":{"line":1,"column":0},"end":{"line":1,"column":null}},"loc":{"start":{"line":1,"column":0},"end":{"line":1,"column":null}}}},"branchMap":{},"s":{"0":1,"1":10},"f":{"0":3},"b":{}}
,"D:\\code\\testcode\\src\\components\\HelloWorld.vue": {"path":"D:\\code\\testcode\\src\\components\\HelloWorld.vue","statementMap":{"0":{"start":{"line":10,"column":0},"end":{"line":27,"column":null}},"1":{"start":{"line":1,"column":0},"end":{"line":1,"column":null}}},"fnMap":{"0":{"name":"(anonymous_2)","decl":{"start":{"line":1,"column":0},"end":{"line":1,"column":null}},"loc":{"start":{"line":1,"column":0},"end":{"line":1,"column":null}}}},"branchMap":{},"s":{"0":1,"1":9},"f":{"0":2},"b":{}}
,"D:\\code\\testcode\\src\\views\\AboutView.vue": {"path":"D:\\code\\testcode\\src\\views\\AboutView.vue","statementMap":{"0":{"start":{"line":1,"column":0},"end":{"line":1,"column":null}}},"fnMap":{"0":{"name":"(anonymous_0)","decl":{"start":{"line":1,"column":0},"end":{"line":1,"column":null}},"loc":{"start":{"line":1,"column":0},"end":{"line":1,"column":null}}}},"branchMap":{},"s":{"0":0},"f":{"0":0},"b":{}}
,"D:\\code\\testcode\\src\\views\\HomeView.vue": {"path":"D:\\code\\testcode\\src\\views\\HomeView.vue","statementMap":{"0":{"start":{"line":1,"column":0},"end":{"line":1,"column":null}}},"fnMap":{"0":{"name":"(anonymous_0)","decl":{"start":{"line":1,"column":0},"end":{"line":1,"column":null}},"loc":{"start":{"line":1,"column":0},"end":{"line":1,"column":null}}}},"branchMap":{},"s":{"0":0},"f":{"0":0},"b":{}}
}
