TN:
SF:src\components\Counter.vue
FN:1,(anonymous_1)
FNF:1
FNH:1
FNDA:3,(anonymous_1)
DA:1,10
DA:8,1
LF:2
LH:2
BRF:0
BRH:0
end_of_record
TN:
SF:src\components\HelloWorld.vue
FN:1,(anonymous_2)
FNF:1
FNH:1
FNDA:2,(anonymous_2)
DA:1,9
DA:10,1
LF:2
LH:2
BRF:0
BRH:0
end_of_record
TN:
SF:src\views\AboutView.vue
FN:1,(anonymous_0)
FNF:1
FNH:0
FNDA:0,(anonymous_0)
DA:1,0
LF:1
LH:0
BRF:0
BRH:0
end_of_record
TN:
SF:src\views\HomeView.vue
FN:1,(anonymous_0)
FNF:1
FNH:0
FNDA:0,(anonymous_0)
DA:1,0
LF:1
LH:0
BRF:0
BRH:0
end_of_record
